<?xml version="1.0" encoding="UTF-8"?>
<!-- Generated by org.testng.reporters.JUnitXMLReporter -->
<testsuite hostname="LIM-LP01517.local" ignored="0" name="Test" tests="1" failures="1" timestamp="03 Jul 2019 17:00:14 GMT" time="0.107" errors="0">
  <testcase name="test_example" time="0.0" classname="selenium_ejm.Test_AutomationEol">
    <failure type="org.testng.TestNGException" message="
Cannot inject @Test annotated Method [test_example] with [class [Ljava.lang.String;].
For more information on native dependency injection please refer to http://testng.org/doc/documentation-main.html#native-dependency-injection">
      <![CDATA[org.testng.TestNGException: 
Cannot inject @Test annotated Method [test_example] with [class [Ljava.lang.String;].
For more information on native dependency injection please refer to http://testng.org/doc/documentation-main.html#native-dependency-injection
... Removed 24 stack frames]]>
    </failure>
  </testcase> <!-- test_example -->
</testsuite> <!-- Test -->
